<?xml version="1.0" encoding="UTF-8"?>
<!-- Generated by org.testng.reporters.JUnitReportReporter -->
<testsuite hostname="WIN-QFVULB7F2O7" name="com.test.page.testcases.LionFund_02_FixedInvestment_Test" tests="3" failures="0" timestamp="19 Sep 2016 10:00:55 GMT" time="68.157" errors="0">
  <testcase name="editFixedTest" time="16.959" classname="com.test.page.testcases.LionFund_02_FixedInvestment_Test"/>
  <testcase name="addFixedTest" time="39.150" classname="com.test.page.testcases.LionFund_02_FixedInvestment_Test"/>
  <testcase name="pauseFixedTest" time="12.048" classname="com.test.page.testcases.LionFund_02_FixedInvestment_Test"/>
</testsuite> <!-- com.test.page.testcases.LionFund_02_FixedInvestment_Test -->
