<?xml version="1.0" encoding="UTF-8"?>
<!-- Generated by org.testng.reporters.JUnitReportReporter -->
<testsuite hostname="WIN-QFVULB7F2O7" name="com.test.page.testcases.LionFund_01_CurrencyPurchase_Test" tests="1" failures="0" timestamp="8 Sep 2016 09:35:16 GMT" time="33.003" errors="0">
  <testcase name="currencyPurchaseTest" time="33.003" classname="com.test.page.testcases.LionFund_01_CurrencyPurchase_Test"/>
</testsuite> <!-- com.test.page.testcases.LionFund_01_CurrencyPurchase_Test -->
