<?xml version="1.0" encoding="UTF-8"?>
<!-- Generated by org.testng.reporters.JUnitReportReporter -->
<testsuite hostname="WIN-QFVULB7F2O7" name="com.test.page.testcases.LionFund_02_FixedInvestment_Test" tests="3" failures="0" timestamp="14 Sep 2016 10:18:06 GMT" time="70.537" errors="0">
  <testcase name="editFixedTest" time="17.502" classname="com.test.page.testcases.LionFund_02_FixedInvestment_Test"/>
  <testcase name="pauseFixedTest" time="12.384" classname="com.test.page.testcases.LionFund_02_FixedInvestment_Test"/>
  <testcase name="addFixedTest" time="40.651" classname="com.test.page.testcases.LionFund_02_FixedInvestment_Test"/>
</testsuite> <!-- com.test.page.testcases.LionFund_02_FixedInvestment_Test -->
