<?xml version="1.0" encoding="UTF-8"?>
<!-- Generated by org.testng.reporters.JUnitReportReporter -->
<testsuite hostname="WIN-QFVULB7F2O7" name="com.test.page.testcases.IndexPage_01_Search_Test" tests="13" failures="0" timestamp="30 Aug 2016 11:12:34 GMT" time="15.985" errors="0">
  <testcase name="baiduSerchTest" time="0.898" classname="com.test.page.testcases.IndexPage_01_Search_Test"/>
  <testcase name="baiduSerchTest" time="1.299" classname="com.test.page.testcases.IndexPage_01_Search_Test"/>
  <testcase name="baiduSerchTest" time="1.120" classname="com.test.page.testcases.IndexPage_01_Search_Test"/>
  <testcase name="baiduSerchTest" time="0.779" classname="com.test.page.testcases.IndexPage_01_Search_Test"/>
  <testcase name="baiduSerchTest" time="0.828" classname="com.test.page.testcases.IndexPage_01_Search_Test"/>
  <testcase name="baiduSerchTest" time="1.201" classname="com.test.page.testcases.IndexPage_01_Search_Test"/>
  <testcase name="baiduSerchTest" time="1.080" classname="com.test.page.testcases.IndexPage_01_Search_Test"/>
  <testcase name="baiduSerchTest" time="0.924" classname="com.test.page.testcases.IndexPage_01_Search_Test"/>
  <testcase name="baiduSerchTest" time="3.316" classname="com.test.page.testcases.IndexPage_01_Search_Test"/>
  <testcase name="baiduSerchTest" time="1.185" classname="com.test.page.testcases.IndexPage_01_Search_Test"/>
  <testcase name="baiduSerchTest" time="1.023" classname="com.test.page.testcases.IndexPage_01_Search_Test"/>
  <testcase name="baiduSerchTest" time="1.002" classname="com.test.page.testcases.IndexPage_01_Search_Test"/>
  <testcase name="baiduSerchTest" time="1.330" classname="com.test.page.testcases.IndexPage_01_Search_Test"/>
</testsuite> <!-- com.test.page.testcases.IndexPage_01_Search_Test -->
