<?xml version="1.0" encoding="UTF-8"?>
<!-- Generated by org.testng.reporters.JUnitReportReporter -->
<testsuite hostname="WIN-QFVULB7F2O7" name="com.test.page.testcases.LionFund_02_FixedInvestment_Test" tests="3" failures="0" timestamp="19 Sep 2016 09:22:53 GMT" time="68.477" errors="0">
  <testcase name="addFixedTest" time="38.933" classname="com.test.page.testcases.LionFund_02_FixedInvestment_Test"/>
  <testcase name="pauseFixedTest" time="12.076" classname="com.test.page.testcases.LionFund_02_FixedInvestment_Test"/>
  <testcase name="editFixedTest" time="17.468" classname="com.test.page.testcases.LionFund_02_FixedInvestment_Test"/>
</testsuite> <!-- com.test.page.testcases.LionFund_02_FixedInvestment_Test -->
