<?xml version="1.0" encoding="UTF-8"?>
<!-- Generated by org.testng.reporters.JUnitReportReporter -->
<testsuite hostname="WIN-QFVULB7F2O7" name="com.test.page.testcases.LionFund_02_FixedInvestment_Test" tests="1" failures="0" timestamp="13 Sep 2016 10:01:20 GMT" time="0.037" errors="1">
  <testcase name="pauseFixedTest" time="0.037" classname="com.test.page.testcases.LionFund_02_FixedInvestment_Test">
    <error type="java.lang.NullPointerException">
      <![CDATA[java.lang.NullPointerException
	at com.test.keydriver.engine.DefaultExecutor.invoke(DefaultExecutor.java:42)
	at com.test.keydriver.engine.DefaultExecutor.execute(DefaultExecutor.java:35)
	at com.test.page.testcases.LionFund_02_FixedInvestment_Test.pauseFixedTest(LionFund_02_FixedInvestment_Test.java:48)
	at sun.reflect.NativeMethodAccessorImpl.invoke0(Native Method)
	at sun.reflect.NativeMethodAccessorImpl.invoke(NativeMethodAccessorImpl.java:57)
	at sun.reflect.DelegatingMethodAccessorImpl.invoke(DelegatingMethodAccessorImpl.java:43)
	at java.lang.reflect.Method.invoke(Method.java:606)
	at org.testng.internal.MethodInvocationHelper.invokeMethod(MethodInvocationHelper.java:85)
	at org.testng.internal.Invoker.invokeMethod(Invoker.java:639)
	at org.testng.internal.Invoker.invokeTestMethod(Invoker.java:816)
	at org.testng.internal.Invoker.invokeTestMethods(Invoker.java:1124)
	at org.testng.internal.TestMethodWorker.invokeTestMethods(TestMethodWorker.java:125)
	at org.testng.internal.TestMethodWorker.run(TestMethodWorker.java:108)
	at org.testng.TestRunner.privateRun(TestRunner.java:774)
	at org.testng.TestRunner.run(TestRunner.java:624)
	at org.testng.SuiteRunner.runTest(SuiteRunner.java:359)
	at org.testng.SuiteRunner.access$000(SuiteRunner.java:39)
	at org.testng.SuiteRunner$SuiteWorker.run(SuiteRunner.java:393)
	at org.testng.internal.thread.ThreadUtil$2.call(ThreadUtil.java:64)
	at java.util.concurrent.FutureTask.run(FutureTask.java:262)
	at java.util.concurrent.ThreadPoolExecutor.runWorker(ThreadPoolExecutor.java:1145)
	at java.util.concurrent.ThreadPoolExecutor$Worker.run(ThreadPoolExecutor.java:615)
	at java.lang.Thread.run(Thread.java:745)
]]>
    </error>
  </testcase> <!-- pauseFixedTest -->
</testsuite> <!-- com.test.page.testcases.LionFund_02_FixedInvestment_Test -->
